<?xml version="1.0" encoding="UTF-8"?>
<robot generator="Robot 3.2.2 (Python 3.9.0 on win32)" generated="20210304 18:14:42.152" rpa="false">
<suite id="s1" name="Tests" source="C:\Users\Marc\Desktop\TEST\Test\tests">
<suite id="s1-s1" name="CurrConCalculator" source="C:\Users\Marc\Desktop\TEST\Test\tests\CurrConCalculator.robot">
<kw name="Start Test" library="Common" type="setup">
<arguments>
<arg>${url}</arg>
<arg>${browser}</arg>
</arguments>
<kw name="Open Browser" library="SeleniumLibrary">
<doc>Opens a new browser instance to the optional ``url``.</doc>
<arguments>
<arg>${url}</arg>
<arg>${browser}</arg>
</arguments>
<msg timestamp="20210304 18:14:42.302" level="INFO">Opening browser 'chrome' to base url 'https://www.paysera.bg/v2/en-LT/fees/currency-conversion-calculator'.</msg>
<status status="PASS" starttime="20210304 18:14:42.302" endtime="20210304 18:15:00.376"></status>
</kw>
<kw name="Maximize Browser Window" library="SeleniumLibrary">
<doc>Maximizes current browser window.</doc>
<status status="PASS" starttime="20210304 18:15:00.376" endtime="20210304 18:15:02.503"></status>
</kw>
<kw name="Sleep" library="BuiltIn">
<doc>Pauses the test executed for the given time.</doc>
<arguments>
<arg>5s</arg>
</arguments>
<msg timestamp="20210304 18:15:07.505" level="INFO">Slept 5 seconds</msg>
<status status="PASS" starttime="20210304 18:15:02.504" endtime="20210304 18:15:07.505"></status>
</kw>
<status status="PASS" starttime="20210304 18:14:42.302" endtime="20210304 18:15:07.505"></status>
</kw>
<test id="s1-s1-t1" name="Verify Loss With SwedBank">
<kw name="Verify" library="CurrConCalculator">
<kw name="Get Text" library="SeleniumLibrary">
<doc>Returns the text value of the element identified by ``locator``.</doc>
<arguments>
<arg>xpath=(//span[@class="flag-icon-small flag-icon-ge"]/ancestor::td/following-sibling::td)[4]</arg>
</arguments>
<assign>
<var>${bank}</var>
</assign>
<msg timestamp="20210304 18:15:07.523" level="INFO">${bank} = -</msg>
<status status="PASS" starttime="20210304 18:15:07.506" endtime="20210304 18:15:07.523"></status>
</kw>
<kw name="Log" library="BuiltIn">
<doc>Logs the given message with the given level.</doc>
<arguments>
<arg>${bank}</arg>
</arguments>
<msg timestamp="20210304 18:15:07.523" level="INFO">-</msg>
<status status="PASS" starttime="20210304 18:15:07.523" endtime="20210304 18:15:07.523"></status>
</kw>
<status status="PASS" starttime="20210304 18:15:07.506" endtime="20210304 18:15:07.523"></status>
</kw>
<tags>
<tag>VerifyLoss2</tag>
</tags>
<status status="PASS" starttime="20210304 18:15:07.505" endtime="20210304 18:15:07.524" critical="yes"></status>
</test>
<doc>Currency Conversion Calculator</doc>
<status status="PASS" starttime="20210304 18:14:42.169" endtime="20210304 18:15:07.525"></status>
</suite>
<status status="PASS" starttime="20210304 18:14:42.153" endtime="20210304 18:15:07.526"></status>
</suite>
<statistics>
<total>
<stat pass="1" fail="0">Critical Tests</stat>
<stat pass="1" fail="0">All Tests</stat>
</total>
<tag>
<stat pass="1" fail="0">VerifyLoss2</stat>
</tag>
<suite>
<stat pass="1" fail="0" id="s1" name="Tests">Tests</stat>
<stat pass="1" fail="0" id="s1-s1" name="CurrConCalculator">Tests.CurrConCalculator</stat>
</suite>
</statistics>
<errors>
</errors>
</robot>
