<?xml version="1.0" encoding="UTF-8"?>
<robot generator="Robot 3.2.2 (Python 3.9.0 on win32)" generated="20210304 14:28:33.236" rpa="false">
<suite id="s1" name="Tests" source="C:\Users\Marc\Desktop\TEST\Test\tests">
<suite id="s1-s1" name="CurrConCalculator" source="C:\Users\Marc\Desktop\TEST\Test\tests\CurrConCalculator.robot">
<kw name="Start Test" library="Common" type="setup">
<arguments>
<arg>${url}</arg>
<arg>${browser}</arg>
</arguments>
<kw name="Open Browser" library="SeleniumLibrary">
<doc>Opens a new browser instance to the optional ``url``.</doc>
<arguments>
<arg>${url}</arg>
<arg>${browser}</arg>
</arguments>
<msg timestamp="20210304 14:28:33.369" level="INFO">Opening browser 'chrome' to base url 'https://www.paysera.bg/v2/en-LT/fees/currency-conversion-calculator'.</msg>
<status status="PASS" starttime="20210304 14:28:33.369" endtime="20210304 14:28:44.674"></status>
</kw>
<kw name="Maximize Browser Window" library="SeleniumLibrary">
<doc>Maximizes current browser window.</doc>
<status status="PASS" starttime="20210304 14:28:44.674" endtime="20210304 14:28:46.787"></status>
</kw>
<kw name="Sleep" library="BuiltIn">
<doc>Pauses the test executed for the given time.</doc>
<arguments>
<arg>5s</arg>
</arguments>
<msg timestamp="20210304 14:28:51.787" level="INFO">Slept 5 seconds</msg>
<status status="PASS" starttime="20210304 14:28:46.787" endtime="20210304 14:28:51.787"></status>
</kw>
<status status="PASS" starttime="20210304 14:28:33.369" endtime="20210304 14:28:51.788"></status>
</kw>
<test id="s1-s1-t1" name="Input Buy">
<kw name="Input Amount" library="CurrConCalculator">
<arguments>
<arg>Buy</arg>
<arg>${amount}</arg>
</arguments>
<kw name="Wait Until Element Is Visible" library="SeleniumLibrary">
<doc>Waits until the element ``locator`` is visible.</doc>
<arguments>
<arg>xpath=//label[text()="${BuySell}"]/following-sibling::input</arg>
<arg>timeout=30</arg>
</arguments>
<status status="PASS" starttime="20210304 14:28:51.792" endtime="20210304 14:28:51.813"></status>
</kw>
<kw name="Input Text" library="SeleniumLibrary">
<doc>Types the given ``text`` into the text field identified by ``locator``.</doc>
<arguments>
<arg>xpath=//label[text()="${BuySell}"]/following-sibling::input</arg>
<arg>${amount}</arg>
</arguments>
<msg timestamp="20210304 14:28:51.813" level="INFO">Typing text '100' into text field 'xpath=//label[text()="Buy"]/following-sibling::input'.</msg>
<status status="PASS" starttime="20210304 14:28:51.813" endtime="20210304 14:28:51.890"></status>
</kw>
<status status="PASS" starttime="20210304 14:28:51.791" endtime="20210304 14:28:51.890"></status>
</kw>
<kw name="Verify Amount" library="CurrConCalculator">
<arguments>
<arg>Buy</arg>
<arg>${amount}</arg>
</arguments>
<kw name="Run Keyword If" library="BuiltIn">
<doc>Runs the given keyword with the given arguments, if ``condition`` is true.</doc>
<arguments>
<arg>'${BuySell}' == 'Sell'</arg>
<arg>Verify BuySell</arg>
<arg>Buy</arg>
</arguments>
<status status="PASS" starttime="20210304 14:28:51.890" endtime="20210304 14:28:51.890"></status>
</kw>
<kw name="Run Keyword If" library="BuiltIn">
<doc>Runs the given keyword with the given arguments, if ``condition`` is true.</doc>
<arguments>
<arg>'${BuySell}' == 'Buy'</arg>
<arg>Verify BuySell</arg>
<arg>Sell</arg>
</arguments>
<kw name="Verify BuySell" library="CurrConCalculator">
<arguments>
<arg>Sell</arg>
</arguments>
<kw name="Get Value" library="SeleniumLibrary">
<doc>Returns the value attribute of the element identified by ``locator``.</doc>
<arguments>
<arg>xpath=//label[text()="${BuySell}"]/following-sibling::input</arg>
</arguments>
<assign>
<var>${amount}</var>
</assign>
<msg timestamp="20210304 14:28:51.902" level="INFO">${amount} = </msg>
<status status="PASS" starttime="20210304 14:28:51.891" endtime="20210304 14:28:51.902"></status>
</kw>
<kw name="Run Keyword If" library="BuiltIn">
<doc>Runs the given keyword with the given arguments, if ``condition`` is true.</doc>
<arguments>
<arg>'${amount}' != '${EMPTY}'</arg>
<arg>Failed BuySell</arg>
<arg>${BuySell}</arg>
</arguments>
<status status="PASS" starttime="20210304 14:28:51.902" endtime="20210304 14:28:51.902"></status>
</kw>
<status status="PASS" starttime="20210304 14:28:51.891" endtime="20210304 14:28:51.902"></status>
</kw>
<status status="PASS" starttime="20210304 14:28:51.891" endtime="20210304 14:28:51.903"></status>
</kw>
<status status="PASS" starttime="20210304 14:28:51.890" endtime="20210304 14:28:51.903"></status>
</kw>
<tags>
<tag>InputBuy</tag>
</tags>
<status status="PASS" starttime="20210304 14:28:51.788" endtime="20210304 14:28:51.903" critical="yes"></status>
</test>
<doc>Currency Conversion Calculator</doc>
<status status="PASS" starttime="20210304 14:28:33.253" endtime="20210304 14:28:51.903"></status>
</suite>
<status status="PASS" starttime="20210304 14:28:33.237" endtime="20210304 14:28:51.905"></status>
</suite>
<statistics>
<total>
<stat pass="1" fail="0">Critical Tests</stat>
<stat pass="1" fail="0">All Tests</stat>
</total>
<tag>
<stat pass="1" fail="0">InputBuy</stat>
</tag>
<suite>
<stat pass="1" fail="0" id="s1" name="Tests">Tests</stat>
<stat pass="1" fail="0" id="s1-s1" name="CurrConCalculator">Tests.CurrConCalculator</stat>
</suite>
</statistics>
<errors>
</errors>
</robot>
