<?xml version="1.0" encoding="UTF-8"?>
<robot generator="Robot 3.2.2 (Python 3.9.0 on win32)" generated="20210304 18:52:03.194" rpa="false">
<suite id="s1" name="Tests" source="C:\Users\Marc\Desktop\TEST\Test\tests">
<suite id="s1-s1" name="CurrConCalculator" source="C:\Users\Marc\Desktop\TEST\Test\tests\CurrConCalculator.robot">
<kw name="Start Test" library="Common" type="setup">
<arguments>
<arg>${url}</arg>
<arg>${browser}</arg>
</arguments>
<kw name="Open Browser" library="SeleniumLibrary">
<doc>Opens a new browser instance to the optional ``url``.</doc>
<arguments>
<arg>${url}</arg>
<arg>${browser}</arg>
</arguments>
<msg timestamp="20210304 18:52:03.324" level="INFO">Opening browser 'chrome' to base url 'https://www.paysera.bg/v2/en-LT/fees/currency-conversion-calculator'.</msg>
<status status="PASS" starttime="20210304 18:52:03.324" endtime="20210304 18:52:13.480"></status>
</kw>
<kw name="Maximize Browser Window" library="SeleniumLibrary">
<doc>Maximizes current browser window.</doc>
<status status="PASS" starttime="20210304 18:52:13.480" endtime="20210304 18:52:15.608"></status>
</kw>
<kw name="Sleep" library="BuiltIn">
<doc>Pauses the test executed for the given time.</doc>
<arguments>
<arg>5s</arg>
</arguments>
<msg timestamp="20210304 18:52:20.619" level="INFO">Slept 5 seconds</msg>
<status status="PASS" starttime="20210304 18:52:15.608" endtime="20210304 18:52:20.619"></status>
</kw>
<status status="PASS" starttime="20210304 18:52:03.324" endtime="20210304 18:52:20.619"></status>
</kw>
<test id="s1-s1-t1" name="Verify Mutiple Loss With SwedBank">
<kw name="${countrycodes} IN [ @{countrycodes} ]" type="for">
<kw name="${countrycodes} = ru" type="foritem">
<kw name="Verify Loss With SwedBank" library="CurrConCalculator">
<arguments>
<arg>${countrycodes}</arg>
</arguments>
<kw name="Verify Paysera Amount" library="CurrConCalculator">
<arguments>
<arg>${countrycode}</arg>
</arguments>
<assign>
<var>${paysera}</var>
</assign>
<kw name="Wait Until Element Is Visible" library="SeleniumLibrary">
<doc>Waits until the element ``locator`` is visible.</doc>
<arguments>
<arg>xpath=(//span[@class="flag-icon-small flag-icon-${countrycode}"]/ancestor::td/following-sibling::td)[3]//span[@class="ng-binding"]</arg>
<arg>timeout=30</arg>
</arguments>
<status status="PASS" starttime="20210304 18:52:20.619" endtime="20210304 18:52:20.634"></status>
</kw>
<kw name="Get Text" library="SeleniumLibrary">
<doc>Returns the text value of the element identified by ``locator``.</doc>
<arguments>
<arg>xpath=(//span[@class="flag-icon-small flag-icon-${countrycode}"]/ancestor::td/following-sibling::td)[3]//span[@class="ng-binding"]</arg>
</arguments>
<assign>
<var>${paysera}</var>
</assign>
<msg timestamp="20210304 18:52:20.650" level="INFO">${paysera} = 8,886.12</msg>
<status status="PASS" starttime="20210304 18:52:20.634" endtime="20210304 18:52:20.650"></status>
</kw>
<msg timestamp="20210304 18:52:20.650" level="INFO">${paysera} = 8,886.12</msg>
<status status="PASS" starttime="20210304 18:52:20.619" endtime="20210304 18:52:20.650"></status>
</kw>
<kw name="Verify Swedbank Amount" library="CurrConCalculator">
<arguments>
<arg>${countrycode}</arg>
</arguments>
<assign>
<var>${swedbank}</var>
</assign>
<kw name="Wait Until Element Is Visible" library="SeleniumLibrary">
<doc>Waits until the element ``locator`` is visible.</doc>
<arguments>
<arg>xpath=(//span[@class="flag-icon-small flag-icon-${countrycode}"]/ancestor::td/following-sibling::td)[4]//span[@class="ng-binding"]</arg>
<arg>timeout=30</arg>
</arguments>
<status status="PASS" starttime="20210304 18:52:20.650" endtime="20210304 18:52:20.671"></status>
</kw>
<kw name="Get Text" library="SeleniumLibrary">
<doc>Returns the text value of the element identified by ``locator``.</doc>
<arguments>
<arg>xpath=(//span[@class="flag-icon-small flag-icon-${countrycode}"]/ancestor::td/following-sibling::td)[4]//span[@class="ng-binding"]</arg>
</arguments>
<assign>
<var>${swedbank}</var>
</assign>
<msg timestamp="20210304 18:52:20.687" level="INFO">${swedbank} = 8,303.45</msg>
<status status="PASS" starttime="20210304 18:52:20.671" endtime="20210304 18:52:20.687"></status>
</kw>
<msg timestamp="20210304 18:52:20.687" level="INFO">${swedbank} = 8,303.45</msg>
<status status="PASS" starttime="20210304 18:52:20.650" endtime="20210304 18:52:20.687"></status>
</kw>
<kw name="Verify Loss" library="CurrConCalculator">
<arguments>
<arg>${paysera}</arg>
<arg>${swedbank}</arg>
<arg>${countrycode}</arg>
</arguments>
<kw name="Wait Until Element Is Visible" library="SeleniumLibrary">
<doc>Waits until the element ``locator`` is visible.</doc>
<arguments>
<arg>xpath=(//span[@class="flag-icon-small flag-icon-${countrycode}"]/ancestor::td/following-sibling::td//span[@class="other-bank-loss ng-binding ng-scope"])[1]</arg>
<arg>timeout=30</arg>
</arguments>
<status status="PASS" starttime="20210304 18:52:20.687" endtime="20210304 18:52:20.702"></status>
</kw>
<kw name="Get Text" library="SeleniumLibrary">
<doc>Returns the text value of the element identified by ``locator``.</doc>
<arguments>
<arg>xpath=(//span[@class="flag-icon-small flag-icon-${countrycode}"]/ancestor::td/following-sibling::td//span[@class="other-bank-loss ng-binding ng-scope"])[1]</arg>
</arguments>
<assign>
<var>${loss}</var>
</assign>
<msg timestamp="20210304 18:52:20.702" level="INFO">${loss} = (-582.67)</msg>
<status status="PASS" starttime="20210304 18:52:20.702" endtime="20210304 18:52:20.702"></status>
</kw>
<kw name="Remove String" library="String">
<doc>Removes all ``removables`` from the given ``string``.</doc>
<arguments>
<arg>${loss}</arg>
<arg>(</arg>
<arg>)</arg>
</arguments>
<assign>
<var>${loss}</var>
</assign>
<msg timestamp="20210304 18:52:20.702" level="INFO">${loss} = -582.67</msg>
<status status="PASS" starttime="20210304 18:52:20.702" endtime="20210304 18:52:20.702"></status>
</kw>
<kw name="Set Variable" library="BuiltIn">
<doc>Returns the given values which can then be assigned to a variables.</doc>
<arguments>
<arg>${paysera}</arg>
</arguments>
<assign>
<var>${payseraamount}</var>
</assign>
<msg timestamp="20210304 18:52:20.702" level="INFO">${payseraamount} = 8,886.12</msg>
<status status="PASS" starttime="20210304 18:52:20.702" endtime="20210304 18:52:20.702"></status>
</kw>
<kw name="Remove String" library="String">
<doc>Removes all ``removables`` from the given ``string``.</doc>
<arguments>
<arg>${payseraamount}</arg>
<arg>,</arg>
</arguments>
<assign>
<var>${payseraamount}</var>
</assign>
<msg timestamp="20210304 18:52:20.702" level="INFO">${payseraamount} = 8886.12</msg>
<status status="PASS" starttime="20210304 18:52:20.702" endtime="20210304 18:52:20.702"></status>
</kw>
<kw name="Set Variable" library="BuiltIn">
<doc>Returns the given values which can then be assigned to a variables.</doc>
<arguments>
<arg>${bank}</arg>
</arguments>
<assign>
<var>${bankamount}</var>
</assign>
<msg timestamp="20210304 18:52:20.702" level="INFO">${bankamount} = 8,303.45</msg>
<status status="PASS" starttime="20210304 18:52:20.702" endtime="20210304 18:52:20.702"></status>
</kw>
<kw name="Remove String" library="String">
<doc>Removes all ``removables`` from the given ``string``.</doc>
<arguments>
<arg>${bankamount}</arg>
<arg>,</arg>
</arguments>
<assign>
<var>${bankamount}</var>
</assign>
<msg timestamp="20210304 18:52:20.702" level="INFO">${bankamount} = 8303.45</msg>
<status status="PASS" starttime="20210304 18:52:20.702" endtime="20210304 18:52:20.702"></status>
</kw>
<kw name="Evaluate" library="BuiltIn">
<doc>Evaluates the given expression in Python and returns the result.</doc>
<arguments>
<arg>${bankamount} - ${payseraamount}</arg>
</arguments>
<assign>
<var>${calculatedloss}</var>
</assign>
<msg timestamp="20210304 18:52:20.702" level="INFO">${calculatedloss} = -582.6700000000001</msg>
<status status="PASS" starttime="20210304 18:52:20.702" endtime="20210304 18:52:20.702"></status>
</kw>
<kw name="Evaluate" library="BuiltIn">
<doc>Evaluates the given expression in Python and returns the result.</doc>
<arguments>
<arg>"%.2f" % ${calculatedloss}</arg>
</arguments>
<assign>
<var>${calculatedloss}</var>
</assign>
<msg timestamp="20210304 18:52:20.702" level="INFO">${calculatedloss} = -582.67</msg>
<status status="PASS" starttime="20210304 18:52:20.702" endtime="20210304 18:52:20.702"></status>
</kw>
<kw name="Run Keyword If" library="BuiltIn">
<doc>Runs the given keyword with the given arguments, if ``condition`` is true.</doc>
<arguments>
<arg>'${loss}' != '${calculatedloss}'</arg>
<arg>Failed Loss</arg>
<arg>${loss}</arg>
<arg>${calculatedloss}</arg>
</arguments>
<status status="PASS" starttime="20210304 18:52:20.702" endtime="20210304 18:52:20.702"></status>
</kw>
<status status="PASS" starttime="20210304 18:52:20.687" endtime="20210304 18:52:20.702"></status>
</kw>
<status status="PASS" starttime="20210304 18:52:20.619" endtime="20210304 18:52:20.702"></status>
</kw>
<status status="PASS" starttime="20210304 18:52:20.619" endtime="20210304 18:52:20.702"></status>
</kw>
<kw name="${countrycodes} = dk" type="foritem">
<kw name="Verify Loss With SwedBank" library="CurrConCalculator">
<arguments>
<arg>${countrycodes}</arg>
</arguments>
<kw name="Verify Paysera Amount" library="CurrConCalculator">
<arguments>
<arg>${countrycode}</arg>
</arguments>
<assign>
<var>${paysera}</var>
</assign>
<kw name="Wait Until Element Is Visible" library="SeleniumLibrary">
<doc>Waits until the element ``locator`` is visible.</doc>
<arguments>
<arg>xpath=(//span[@class="flag-icon-small flag-icon-${countrycode}"]/ancestor::td/following-sibling::td)[3]//span[@class="ng-binding"]</arg>
<arg>timeout=30</arg>
</arguments>
<status status="PASS" starttime="20210304 18:52:20.702" endtime="20210304 18:52:20.718"></status>
</kw>
<kw name="Get Text" library="SeleniumLibrary">
<doc>Returns the text value of the element identified by ``locator``.</doc>
<arguments>
<arg>xpath=(//span[@class="flag-icon-small flag-icon-${countrycode}"]/ancestor::td/following-sibling::td)[3]//span[@class="ng-binding"]</arg>
</arguments>
<assign>
<var>${paysera}</var>
</assign>
<msg timestamp="20210304 18:52:20.734" level="INFO">${paysera} = 743.20</msg>
<status status="PASS" starttime="20210304 18:52:20.718" endtime="20210304 18:52:20.734"></status>
</kw>
<msg timestamp="20210304 18:52:20.734" level="INFO">${paysera} = 743.20</msg>
<status status="PASS" starttime="20210304 18:52:20.702" endtime="20210304 18:52:20.734"></status>
</kw>
<kw name="Verify Swedbank Amount" library="CurrConCalculator">
<arguments>
<arg>${countrycode}</arg>
</arguments>
<assign>
<var>${swedbank}</var>
</assign>
<kw name="Wait Until Element Is Visible" library="SeleniumLibrary">
<doc>Waits until the element ``locator`` is visible.</doc>
<arguments>
<arg>xpath=(//span[@class="flag-icon-small flag-icon-${countrycode}"]/ancestor::td/following-sibling::td)[4]//span[@class="ng-binding"]</arg>
<arg>timeout=30</arg>
</arguments>
<status status="PASS" starttime="20210304 18:52:20.734" endtime="20210304 18:52:20.749"></status>
</kw>
<kw name="Get Text" library="SeleniumLibrary">
<doc>Returns the text value of the element identified by ``locator``.</doc>
<arguments>
<arg>xpath=(//span[@class="flag-icon-small flag-icon-${countrycode}"]/ancestor::td/following-sibling::td)[4]//span[@class="ng-binding"]</arg>
</arguments>
<assign>
<var>${swedbank}</var>
</assign>
<msg timestamp="20210304 18:52:20.762" level="INFO">${swedbank} = 727.55</msg>
<status status="PASS" starttime="20210304 18:52:20.749" endtime="20210304 18:52:20.762"></status>
</kw>
<msg timestamp="20210304 18:52:20.762" level="INFO">${swedbank} = 727.55</msg>
<status status="PASS" starttime="20210304 18:52:20.734" endtime="20210304 18:52:20.762"></status>
</kw>
<kw name="Verify Loss" library="CurrConCalculator">
<arguments>
<arg>${paysera}</arg>
<arg>${swedbank}</arg>
<arg>${countrycode}</arg>
</arguments>
<kw name="Wait Until Element Is Visible" library="SeleniumLibrary">
<doc>Waits until the element ``locator`` is visible.</doc>
<arguments>
<arg>xpath=(//span[@class="flag-icon-small flag-icon-${countrycode}"]/ancestor::td/following-sibling::td//span[@class="other-bank-loss ng-binding ng-scope"])[1]</arg>
<arg>timeout=30</arg>
</arguments>
<status status="PASS" starttime="20210304 18:52:20.763" endtime="20210304 18:52:20.774"></status>
</kw>
<kw name="Get Text" library="SeleniumLibrary">
<doc>Returns the text value of the element identified by ``locator``.</doc>
<arguments>
<arg>xpath=(//span[@class="flag-icon-small flag-icon-${countrycode}"]/ancestor::td/following-sibling::td//span[@class="other-bank-loss ng-binding ng-scope"])[1]</arg>
</arguments>
<assign>
<var>${loss}</var>
</assign>
<msg timestamp="20210304 18:52:20.783" level="INFO">${loss} = (-15.65)</msg>
<status status="PASS" starttime="20210304 18:52:20.774" endtime="20210304 18:52:20.783"></status>
</kw>
<kw name="Remove String" library="String">
<doc>Removes all ``removables`` from the given ``string``.</doc>
<arguments>
<arg>${loss}</arg>
<arg>(</arg>
<arg>)</arg>
</arguments>
<assign>
<var>${loss}</var>
</assign>
<msg timestamp="20210304 18:52:20.783" level="INFO">${loss} = -15.65</msg>
<status status="PASS" starttime="20210304 18:52:20.783" endtime="20210304 18:52:20.783"></status>
</kw>
<kw name="Set Variable" library="BuiltIn">
<doc>Returns the given values which can then be assigned to a variables.</doc>
<arguments>
<arg>${paysera}</arg>
</arguments>
<assign>
<var>${payseraamount}</var>
</assign>
<msg timestamp="20210304 18:52:20.783" level="INFO">${payseraamount} = 743.20</msg>
<status status="PASS" starttime="20210304 18:52:20.783" endtime="20210304 18:52:20.783"></status>
</kw>
<kw name="Remove String" library="String">
<doc>Removes all ``removables`` from the given ``string``.</doc>
<arguments>
<arg>${payseraamount}</arg>
<arg>,</arg>
</arguments>
<assign>
<var>${payseraamount}</var>
</assign>
<msg timestamp="20210304 18:52:20.783" level="INFO">${payseraamount} = 743.20</msg>
<status status="PASS" starttime="20210304 18:52:20.783" endtime="20210304 18:52:20.783"></status>
</kw>
<kw name="Set Variable" library="BuiltIn">
<doc>Returns the given values which can then be assigned to a variables.</doc>
<arguments>
<arg>${bank}</arg>
</arguments>
<assign>
<var>${bankamount}</var>
</assign>
<msg timestamp="20210304 18:52:20.783" level="INFO">${bankamount} = 727.55</msg>
<status status="PASS" starttime="20210304 18:52:20.783" endtime="20210304 18:52:20.783"></status>
</kw>
<kw name="Remove String" library="String">
<doc>Removes all ``removables`` from the given ``string``.</doc>
<arguments>
<arg>${bankamount}</arg>
<arg>,</arg>
</arguments>
<assign>
<var>${bankamount}</var>
</assign>
<msg timestamp="20210304 18:52:20.783" level="INFO">${bankamount} = 727.55</msg>
<status status="PASS" starttime="20210304 18:52:20.783" endtime="20210304 18:52:20.783"></status>
</kw>
<kw name="Evaluate" library="BuiltIn">
<doc>Evaluates the given expression in Python and returns the result.</doc>
<arguments>
<arg>${bankamount} - ${payseraamount}</arg>
</arguments>
<assign>
<var>${calculatedloss}</var>
</assign>
<msg timestamp="20210304 18:52:20.783" level="INFO">${calculatedloss} = -15.650000000000091</msg>
<status status="PASS" starttime="20210304 18:52:20.783" endtime="20210304 18:52:20.783"></status>
</kw>
<kw name="Evaluate" library="BuiltIn">
<doc>Evaluates the given expression in Python and returns the result.</doc>
<arguments>
<arg>"%.2f" % ${calculatedloss}</arg>
</arguments>
<assign>
<var>${calculatedloss}</var>
</assign>
<msg timestamp="20210304 18:52:20.783" level="INFO">${calculatedloss} = -15.65</msg>
<status status="PASS" starttime="20210304 18:52:20.783" endtime="20210304 18:52:20.783"></status>
</kw>
<kw name="Run Keyword If" library="BuiltIn">
<doc>Runs the given keyword with the given arguments, if ``condition`` is true.</doc>
<arguments>
<arg>'${loss}' != '${calculatedloss}'</arg>
<arg>Failed Loss</arg>
<arg>${loss}</arg>
<arg>${calculatedloss}</arg>
</arguments>
<status status="PASS" starttime="20210304 18:52:20.783" endtime="20210304 18:52:20.783"></status>
</kw>
<status status="PASS" starttime="20210304 18:52:20.762" endtime="20210304 18:52:20.783"></status>
</kw>
<status status="PASS" starttime="20210304 18:52:20.702" endtime="20210304 18:52:20.783"></status>
</kw>
<status status="PASS" starttime="20210304 18:52:20.702" endtime="20210304 18:52:20.783"></status>
</kw>
<kw name="${countrycodes} = pl" type="foritem">
<kw name="Verify Loss With SwedBank" library="CurrConCalculator">
<arguments>
<arg>${countrycodes}</arg>
</arguments>
<kw name="Verify Paysera Amount" library="CurrConCalculator">
<arguments>
<arg>${countrycode}</arg>
</arguments>
<assign>
<var>${paysera}</var>
</assign>
<kw name="Wait Until Element Is Visible" library="SeleniumLibrary">
<doc>Waits until the element ``locator`` is visible.</doc>
<arguments>
<arg>xpath=(//span[@class="flag-icon-small flag-icon-${countrycode}"]/ancestor::td/following-sibling::td)[3]//span[@class="ng-binding"]</arg>
<arg>timeout=30</arg>
</arguments>
<status status="PASS" starttime="20210304 18:52:20.783" endtime="20210304 18:52:20.799"></status>
</kw>
<kw name="Get Text" library="SeleniumLibrary">
<doc>Returns the text value of the element identified by ``locator``.</doc>
<arguments>
<arg>xpath=(//span[@class="flag-icon-small flag-icon-${countrycode}"]/ancestor::td/following-sibling::td)[3]//span[@class="ng-binding"]</arg>
</arguments>
<assign>
<var>${paysera}</var>
</assign>
<msg timestamp="20210304 18:52:20.799" level="INFO">${paysera} = 453.21</msg>
<status status="PASS" starttime="20210304 18:52:20.799" endtime="20210304 18:52:20.799"></status>
</kw>
<msg timestamp="20210304 18:52:20.799" level="INFO">${paysera} = 453.21</msg>
<status status="PASS" starttime="20210304 18:52:20.783" endtime="20210304 18:52:20.799"></status>
</kw>
<kw name="Verify Swedbank Amount" library="CurrConCalculator">
<arguments>
<arg>${countrycode}</arg>
</arguments>
<assign>
<var>${swedbank}</var>
</assign>
<kw name="Wait Until Element Is Visible" library="SeleniumLibrary">
<doc>Waits until the element ``locator`` is visible.</doc>
<arguments>
<arg>xpath=(//span[@class="flag-icon-small flag-icon-${countrycode}"]/ancestor::td/following-sibling::td)[4]//span[@class="ng-binding"]</arg>
<arg>timeout=30</arg>
</arguments>
<status status="PASS" starttime="20210304 18:52:20.799" endtime="20210304 18:52:20.815"></status>
</kw>
<kw name="Get Text" library="SeleniumLibrary">
<doc>Returns the text value of the element identified by ``locator``.</doc>
<arguments>
<arg>xpath=(//span[@class="flag-icon-small flag-icon-${countrycode}"]/ancestor::td/following-sibling::td)[4]//span[@class="ng-binding"]</arg>
</arguments>
<assign>
<var>${swedbank}</var>
</assign>
<msg timestamp="20210304 18:52:20.830" level="INFO">${swedbank} = 444.10</msg>
<status status="PASS" starttime="20210304 18:52:20.815" endtime="20210304 18:52:20.830"></status>
</kw>
<msg timestamp="20210304 18:52:20.830" level="INFO">${swedbank} = 444.10</msg>
<status status="PASS" starttime="20210304 18:52:20.799" endtime="20210304 18:52:20.830"></status>
</kw>
<kw name="Verify Loss" library="CurrConCalculator">
<arguments>
<arg>${paysera}</arg>
<arg>${swedbank}</arg>
<arg>${countrycode}</arg>
</arguments>
<kw name="Wait Until Element Is Visible" library="SeleniumLibrary">
<doc>Waits until the element ``locator`` is visible.</doc>
<arguments>
<arg>xpath=(//span[@class="flag-icon-small flag-icon-${countrycode}"]/ancestor::td/following-sibling::td//span[@class="other-bank-loss ng-binding ng-scope"])[1]</arg>
<arg>timeout=30</arg>
</arguments>
<status status="PASS" starttime="20210304 18:52:20.830" endtime="20210304 18:52:20.830"></status>
</kw>
<kw name="Get Text" library="SeleniumLibrary">
<doc>Returns the text value of the element identified by ``locator``.</doc>
<arguments>
<arg>xpath=(//span[@class="flag-icon-small flag-icon-${countrycode}"]/ancestor::td/following-sibling::td//span[@class="other-bank-loss ng-binding ng-scope"])[1]</arg>
</arguments>
<assign>
<var>${loss}</var>
</assign>
<msg timestamp="20210304 18:52:20.846" level="INFO">${loss} = (-9.11)</msg>
<status status="PASS" starttime="20210304 18:52:20.830" endtime="20210304 18:52:20.846"></status>
</kw>
<kw name="Remove String" library="String">
<doc>Removes all ``removables`` from the given ``string``.</doc>
<arguments>
<arg>${loss}</arg>
<arg>(</arg>
<arg>)</arg>
</arguments>
<assign>
<var>${loss}</var>
</assign>
<msg timestamp="20210304 18:52:20.846" level="INFO">${loss} = -9.11</msg>
<status status="PASS" starttime="20210304 18:52:20.846" endtime="20210304 18:52:20.846"></status>
</kw>
<kw name="Set Variable" library="BuiltIn">
<doc>Returns the given values which can then be assigned to a variables.</doc>
<arguments>
<arg>${paysera}</arg>
</arguments>
<assign>
<var>${payseraamount}</var>
</assign>
<msg timestamp="20210304 18:52:20.846" level="INFO">${payseraamount} = 453.21</msg>
<status status="PASS" starttime="20210304 18:52:20.846" endtime="20210304 18:52:20.846"></status>
</kw>
<kw name="Remove String" library="String">
<doc>Removes all ``removables`` from the given ``string``.</doc>
<arguments>
<arg>${payseraamount}</arg>
<arg>,</arg>
</arguments>
<assign>
<var>${payseraamount}</var>
</assign>
<msg timestamp="20210304 18:52:20.846" level="INFO">${payseraamount} = 453.21</msg>
<status status="PASS" starttime="20210304 18:52:20.846" endtime="20210304 18:52:20.846"></status>
</kw>
<kw name="Set Variable" library="BuiltIn">
<doc>Returns the given values which can then be assigned to a variables.</doc>
<arguments>
<arg>${bank}</arg>
</arguments>
<assign>
<var>${bankamount}</var>
</assign>
<msg timestamp="20210304 18:52:20.846" level="INFO">${bankamount} = 444.10</msg>
<status status="PASS" starttime="20210304 18:52:20.846" endtime="20210304 18:52:20.846"></status>
</kw>
<kw name="Remove String" library="String">
<doc>Removes all ``removables`` from the given ``string``.</doc>
<arguments>
<arg>${bankamount}</arg>
<arg>,</arg>
</arguments>
<assign>
<var>${bankamount}</var>
</assign>
<msg timestamp="20210304 18:52:20.846" level="INFO">${bankamount} = 444.10</msg>
<status status="PASS" starttime="20210304 18:52:20.846" endtime="20210304 18:52:20.846"></status>
</kw>
<kw name="Evaluate" library="BuiltIn">
<doc>Evaluates the given expression in Python and returns the result.</doc>
<arguments>
<arg>${bankamount} - ${payseraamount}</arg>
</arguments>
<assign>
<var>${calculatedloss}</var>
</assign>
<msg timestamp="20210304 18:52:20.846" level="INFO">${calculatedloss} = -9.109999999999957</msg>
<status status="PASS" starttime="20210304 18:52:20.846" endtime="20210304 18:52:20.846"></status>
</kw>
<kw name="Evaluate" library="BuiltIn">
<doc>Evaluates the given expression in Python and returns the result.</doc>
<arguments>
<arg>"%.2f" % ${calculatedloss}</arg>
</arguments>
<assign>
<var>${calculatedloss}</var>
</assign>
<msg timestamp="20210304 18:52:20.846" level="INFO">${calculatedloss} = -9.11</msg>
<status status="PASS" starttime="20210304 18:52:20.846" endtime="20210304 18:52:20.846"></status>
</kw>
<kw name="Run Keyword If" library="BuiltIn">
<doc>Runs the given keyword with the given arguments, if ``condition`` is true.</doc>
<arguments>
<arg>'${loss}' != '${calculatedloss}'</arg>
<arg>Failed Loss</arg>
<arg>${loss}</arg>
<arg>${calculatedloss}</arg>
</arguments>
<status status="PASS" starttime="20210304 18:52:20.846" endtime="20210304 18:52:20.846"></status>
</kw>
<status status="PASS" starttime="20210304 18:52:20.830" endtime="20210304 18:52:20.846"></status>
</kw>
<status status="PASS" starttime="20210304 18:52:20.783" endtime="20210304 18:52:20.846"></status>
</kw>
<status status="PASS" starttime="20210304 18:52:20.783" endtime="20210304 18:52:20.846"></status>
</kw>
<status status="PASS" starttime="20210304 18:52:20.619" endtime="20210304 18:52:20.846"></status>
</kw>
<tags>
<tag>VerifyMutipleLossWithSwedBank</tag>
</tags>
<status status="PASS" starttime="20210304 18:52:20.619" endtime="20210304 18:52:20.846" critical="yes"></status>
</test>
<doc>Currency Conversion Calculator</doc>
<status status="PASS" starttime="20210304 18:52:03.211" endtime="20210304 18:52:20.846"></status>
</suite>
<status status="PASS" starttime="20210304 18:52:03.195" endtime="20210304 18:52:20.862"></status>
</suite>
<statistics>
<total>
<stat pass="1" fail="0">Critical Tests</stat>
<stat pass="1" fail="0">All Tests</stat>
</total>
<tag>
<stat pass="1" fail="0">VerifyMutipleLossWithSwedBank</stat>
</tag>
<suite>
<stat pass="1" fail="0" id="s1" name="Tests">Tests</stat>
<stat pass="1" fail="0" id="s1-s1" name="CurrConCalculator">Tests.CurrConCalculator</stat>
</suite>
</statistics>
<errors>
</errors>
</robot>
